<?xml version="1.0" encoding="UTF-8"?>
<testng-results ignored="0" total="1" passed="1" failed="0" skipped="0">
  <reporter-output>
  </reporter-output>
  <suite started-at="2024-11-14T00:54:43 IST" name="Default suite" finished-at="2024-11-14T00:54:45 IST" duration-ms="2096">
    <groups>
    </groups>
    <test started-at="2024-11-14T00:54:43 IST" name="Default test" finished-at="2024-11-14T00:54:45 IST" duration-ms="2096">
      <class name="tests.TestsExamples">
        <test-method is-config="true" signature="Setup()[pri:0, instance:tests.TestsExamples@4be29ed9]" started-at="2024-11-14T00:54:43 IST" name="Setup" finished-at="2024-11-14T00:54:43 IST" duration-ms="366" status="PASS">
          <reporter-output>
          </reporter-output>
        </test-method> <!-- Setup -->
        <test-method signature="getEndpoint()[pri:0, instance:tests.TestsExamples@4be29ed9]" started-at="2024-11-14T00:54:43 IST" name="getEndpoint" finished-at="2024-11-14T00:54:45 IST" duration-ms="1682" status="PASS">
          <reporter-output>
          </reporter-output>
        </test-method> <!-- getEndpoint -->
      </class> <!-- tests.TestsExamples -->
    </test> <!-- Default test -->
  </suite> <!-- Default suite -->
</testng-results>
